
################################################################################
#
# This file has been generated by SpyGlass:
#     Report Name      : moresimple
#     Report Created by: MingKe
#     Report Created on:  Mon Jul  8 17:41:26 2024
#     Working Directory: /home/MingKe/Study/NTU_CVSD2023/HW1/01_RTL
#     SpyGlass Version : SpyGlass_vS-2021.09
#     Policy Name      : SpyGlass(SpyGlass_vS-2021.09)
#                        erc(SpyGlass_vS-2021.09)
#                        latch(SpyGlass_vS-2021.09)
#                        lint(SpyGlass_vS-2021.09)
#                        morelint(SpyGlass_vS-2021.09)
#                        openmore(SpyGlass_vS-2021.09)
#                        simulation(SpyGlass_vS-2021.09)
#                        starc(SpyGlass_vS-2021.09)
#                        starc2005(SpyGlass_vS-2021.09)
#
#     Total Number of Generated Messages :         23
#     Number of Waived Messages          :          0
#     Number of Reported Messages        :         23
#     Number of Overlimit Messages       :          0
#
#
################################################################################

+++++++++++++++++++++++++++++++++++++++++++++++++++++++++++++++++++++++
MORESIMPLE REPORT:


############### BuiltIn -> RuleGroup=Command-line read ###############
+++++++++++++++++++++++++++++++++++++++++++++++++++++++++++++++++++++++++++++++++++++++
ID       Rule                  Alias                 Severity    File                                                                                                               Line    Wt    Message
======================================================================================
[0]      CMD_overloadrule01    OverloadRuleUnused    Warning     /home/cad/synopsys/spyglass/2021.09/SPYGLASS_HOME/GuideWare/latest/block/rtl_handoff/lint/lint_rtl_enhanced.spq    370     10    Overload Specification for rule 'W339' has been ignored
+++++++++++++++++++++++++++++++++++++++++++++++++++++++++++++++++++++++++++++++++++++++


############### BuiltIn -> RuleGroup=Design Read ###############
+++++++++++++++++++++++++++++++++++++++++++++++++++++++++++++++++++++++++++++++++++++++
ID       Rule                    Alias                   Severity            File                                                                                  Line    Wt      Message
======================================================================================
[2]      DetectTopDesignUnits    DetectTopDesignUnits    Info                ./alu.v                                                                               1       2       Module alu is a top level design unit
[16]     SYNTH_5166                                      SynthesisWarning    ./alu.v                                                                               185     1000    alu -> ($display) Statement is not synthesizable. Ignoring it
[1]      ElabSummary             ElabSummary             Info                ./spyglass-1/alu/lint/lint_rtl_enhanced/spyglass_reports/SpyGlass/elab_summary.rpt    0       2       Please refer file './spyglass-1/alu/lint/lint_rtl_enhanced/spyglass_reports/SpyGlass/elab_summary.rpt' for elab summary report
+++++++++++++++++++++++++++++++++++++++++++++++++++++++++++++++++++++++++++++++++++++++


############### Non-BuiltIn -> Goal=lint/lint_rtl_enhanced ###############
+++++++++++++++++++++++++++++++++++++++++++++++++++++++++++++++++++++++++++++++++++++++
ID       Rule                 Alias    Severity    File                                                                                Line    Wt    Message
======================================================================================
[3]      W164a                         Warning     ./alu.v                                                                             112     10    LHS: 'tmp' width 16 is less than RHS: '(tmp + round)' width 17 in assignment [Hierarchy: ':alu']
[4]      W164a                         Warning     ./alu.v                                                                             129     10    LHS: 'direct_mult' width 32 is less than RHS: '(direct_mult + {{ 6{ old_val[(DATA_W - 1)]} }  ,old_val ,10'b0000000000})' width 33 in assignment [Hierarchy: ':alu']
[5]      W164a                         Warning     ./alu.v                                                                             140     10    LHS: 'tmp' width 16 is less than RHS: '(tmp + round)' width 17 in assignment [Hierarchy: ':alu']
[6]      W164a                         Warning     ./alu.v                                                                             196     10    LHS: 'tmp' width 16 is less than RHS: '(tmp + round)' width 17 in assignment [Hierarchy: ':alu']
[7]      W164a                         Warning     ./alu.v                                                                             218     10    LHS: 'tmp' width 16 is less than RHS: '(tmp + third[(FRAC_W - 1)])' width 17 in assignment [Hierarchy: ':alu']
[8]      W164a                         Warning     ./alu.v                                                                             270     10    LHS: 'cpopa' width 6 is less than RHS: 'cpop' width 16 in assignment [Hierarchy: ':alu']
[9]      W164a                         Warning     ./alu.v                                                                             373     10    LHS: 'mantissa_greater' width 22 is less than RHS: '(mantissa_a - (mantissa_b >> (exp_a - exp_b)))' width 23 in assignment [Hierarchy: ':alu']
[A]      W164a                         Warning     ./alu.v                                                                             378     10    LHS: 'mantissa_greater' width 22 is less than RHS: '(mantissa_b - (mantissa_a >> (exp_b - exp_a)))' width 23 in assignment [Hierarchy: ':alu']
[B]      W164a                         Warning     ./alu.v                                                                             384     10    LHS: 'mantissa_greater' width 22 is less than RHS: '(mantissa_a - mantissa_b)' width 23 in assignment [Hierarchy: ':alu']
[C]      W164a                         Warning     ./alu.v                                                                             389     10    LHS: 'mantissa_greater' width 22 is less than RHS: '(mantissa_b - mantissa_a)' width 23 in assignment [Hierarchy: ':alu']
[D]      W164a                         Warning     ./alu.v                                                                             398     10    LHS: 'leading_zeros' width 5 is less than RHS: 'count_leading_zeros22' width 6 in assignment [Hierarchy: ':alu']
[E]      W164a                         Warning     ./alu.v                                                                             400     10    LHS: 'exp_greater' width 5 is less than RHS: '(exp_greater - leading_zeros)' width 6 in assignment [Hierarchy: ':alu']
[F]      W164a                         Warning     ./alu.v                                                                             405     10    LHS: 'exp_greater' width 5 is less than RHS: '(exp_greater + mantissa_greater[((FRAC_W * 2) + 1)])' width 6 in assignment [Hierarchy: ':alu']
[10]     W164a                         Warning     ./alu.v                                                                             428     10    LHS: 'mantissa_greater' width 22 is less than RHS: '(mantissa_a + (mantissa_b >> (exp_a - exp_b)))' width 23 in assignment [Hierarchy: ':alu']
[11]     W164a                         Warning     ./alu.v                                                                             432     10    LHS: 'mantissa_greater' width 22 is less than RHS: '(mantissa_b + (mantissa_a >> (exp_b - exp_a)))' width 23 in assignment [Hierarchy: ':alu']
[12]     W164a                         Warning     ./alu.v                                                                             438     10    LHS: 'leading_zeros' width 5 is less than RHS: 'count_leading_zeros22' width 6 in assignment [Hierarchy: ':alu']
[13]     W164a                         Warning     ./alu.v                                                                             439     10    LHS: 'exp_greater' width 5 is less than RHS: '(exp_greater + mantissa_greater[((FRAC_W * 2) + 1)])' width 6 in assignment [Hierarchy: ':alu']
[14]     W164a                         Warning     ./alu.v                                                                             441     10    LHS: 'exp_greater' width 5 is less than RHS: '(exp_greater - leading_zeros)' width 6 in assignment [Hierarchy: ':alu']
[15]     ReportPortInfo-ML             Info        ./spyglass-1/alu/lint/lint_rtl_enhanced/spyglass_reports/morelint/ReportPortInfo    1       2     Port Information for top design unit has been generated. For details see report ReportPortInfo.rpt
+++++++++++++++++++++++++++++++++++++++++++++++++++++++++++++++++++++++++++++++++++++++
