
################################################################################
#
# This file has been generated by SpyGlass:
#     Report Name      : spyglass_violations
#     Report Created by: MingKe
#     Report Created on:  Mon Jul  8 17:41:20 2024
#     Working Directory: /home/MingKe/Study/NTU_CVSD2023/HW1/01_RTL
#     SpyGlass Version : SpyGlass_vS-2021.09
#     Policy Name      : SpyGlass(SpyGlass_vS-2021.09)
#                        clock-reset(SpyGlass_vS-2021.09)
#                        erc(SpyGlass_vS-2021.09)
#                        latch(SpyGlass_vS-2021.09)
#                        lint(SpyGlass_vS-2021.09)
#                        morelint(SpyGlass_vS-2021.09)
#                        openmore(SpyGlass_vS-2021.09)
#                        power_est(SpyGlass_vS-2021.09)
#                        simulation(SpyGlass_vS-2021.09)
#                        starc(SpyGlass_vS-2021.09)
#                        starc2005(SpyGlass_vS-2021.09)
#                        txv(SpyGlass_vS-2021.09)
#
#     Total Number of Generated Messages :          9
#     Number of Waived Messages          :          0
#     Number of Info Messages            :          2
#     Number of Reported Messages        :          7
#     Number of Overlimit Messages       :          0
#
#
################################################################################

+++++++++++++++++++++++++++++++++++++++++++++++++++++++++++++++++++++++
SPYGLASS_VIOLATIONS REPORT:


############### BuiltIn -> RuleGroup=Design Read ###############
+++++++++++++++++++++++++++++++++++++++++++++++++++++++++++++++++++++++++++++++++++++++
ID       Rule                    SEV_CLASS    Severity            File                                                                         Line    Wt      Message
======================================================================================
[1]      SYNTH_5166              WARNING      SynthesisWarning    ./alu.v                                                                      185     1000    alu -> ($display) Statement is not synthesizable. Ignoring it
+++++++++++++++++++++++++++++++++++++++++++++++++++++++++++++++++++++++++++++++++++++++


############### Non-BuiltIn -> Goal=lint/lint_rtl ###############
+++++++++++++++++++++++++++++++++++++++++++++++++++++++++++++++++++++++++++++++++++++++
ID       Rule    SEV_CLASS    Severity    File       Line    Wt    Message
======================================================================================
[5]      W528    WARNING      Warning     ./alu.v    108     10    Variable 'sticky' set but not read.[Hierarchy: ':alu']
[4]      W528    WARNING      Warning     ./alu.v    110     10    Variable 'guard' set but not read.[Hierarchy: ':alu']
[3]      W528    WARNING      Warning     ./alu.v    136     10    Variable 'sticky' set but not read.[Hierarchy: ':alu']
[2]      W528    WARNING      Warning     ./alu.v    138     10    Variable 'guard' set but not read.[Hierarchy: ':alu']
[7]      W528    WARNING      Warning     ./alu.v    192     10    Variable 'sticky' set but not read.[Hierarchy: ':alu']
[6]      W528    WARNING      Warning     ./alu.v    194     10    Variable 'guard' set but not read.[Hierarchy: ':alu']
+++++++++++++++++++++++++++++++++++++++++++++++++++++++++++++++++++++++++++++++++++++++
