################################################################################
#
# This file has been generated by SpyGlass:
#     Report Created by: MingKe
#     Report Created on: Fri Jun 28 12:37:31 2024
#     Working Directory: /home/MingKe/Study/NTU_CVSD2023/HW2/01_RTL
#     Report Location  : ./spyglass-1/core/lint/lint_rtl/spyglass_reports/SpyGlass/checksum.rpt
#     SpyGlass Version : SpyGlass_vS-2021.09
#     Policy Name      : SpyGlass(SpyGlass_vS-2021.09)
#     Comment          : This report contains md5sum of design file(s)
#
################################################################################

=====================================================================================
                         MD5SUM CHECKSUM OF DESIGN FILES 
=====================================================================================
MD5SUM CHECKSUM                   SOURCE              PATH OF DESIGN FILE       
-------------------------------------------------------------------------------------
eef99840f33fd7379bfd4b6886a5c587  1      /home/MingKe/Study/NTU_CVSD2023/HW2/01_RTL/core.v  
b3bf3f58ddf69a5dc27b7a3745a626d3  1      /home/MingKe/Study/NTU_CVSD2023/HW2/01_RTL/reg_file.v  
cc046f4fe176950d1c54cf3cafdf8e36  1      /home/MingKe/Study/NTU_CVSD2023/HW2/01_RTL/alu.v  
