
################################################################################
#
# This file has been generated by SpyGlass:
#     Report Name      : moresimple
#     Report Created by: MingKe
#     Report Created on:  Fri Jun 28 12:37:30 2024
#     Working Directory: /home/MingKe/Study/NTU_CVSD2023/HW2/01_RTL
#     SpyGlass Version : SpyGlass_vS-2021.09
#     Policy Name      : SpyGlass(SpyGlass_vS-2021.09)
#                        clock-reset(SpyGlass_vS-2021.09)
#                        erc(SpyGlass_vS-2021.09)
#                        latch(SpyGlass_vS-2021.09)
#                        lint(SpyGlass_vS-2021.09)
#                        morelint(SpyGlass_vS-2021.09)
#                        openmore(SpyGlass_vS-2021.09)
#                        power_est(SpyGlass_vS-2021.09)
#                        simulation(SpyGlass_vS-2021.09)
#                        starc(SpyGlass_vS-2021.09)
#                        starc2005(SpyGlass_vS-2021.09)
#                        txv(SpyGlass_vS-2021.09)
#
#     Total Number of Generated Messages :         38
#     Number of Waived Messages          :          0
#     Number of Reported Messages        :         38
#     Number of Overlimit Messages       :          0
#
#
################################################################################

+++++++++++++++++++++++++++++++++++++++++++++++++++++++++++++++++++++++
MORESIMPLE REPORT:


############### BuiltIn -> RuleGroup=Design Read ###############
+++++++++++++++++++++++++++++++++++++++++++++++++++++++++++++++++++++++++++++++++++++++
ID       Rule                    Alias                   Severity    File                                                                          Line    Wt    Message
======================================================================================
[1]      DetectTopDesignUnits    DetectTopDesignUnits    Info        ./core.v                                                                      1       2     Module core is a top level design unit
[0]      ElabSummary             ElabSummary             Info        ./spyglass-1/core/lint/lint_rtl/spyglass_reports/SpyGlass/elab_summary.rpt    0       2     Please refer file './spyglass-1/core/lint/lint_rtl/spyglass_reports/SpyGlass/elab_summary.rpt' for elab summary report
+++++++++++++++++++++++++++++++++++++++++++++++++++++++++++++++++++++++++++++++++++++++


############### Non-BuiltIn -> Goal=lint/lint_rtl ###############
+++++++++++++++++++++++++++++++++++++++++++++++++++++++++++++++++++++++++++++++++++++++
ID       Rule               Alias                 Severity    File                                                                           Line    Wt    Message
======================================================================================
[27]     InferLatch         (OpenMORE 5.5.2.1)    Error       ./core.v                                                                       138     5     Latch inferred for signal 'next_status[1:0]' in module 'core'
[20]     W336                                     Error       ./core.v                                                                       199     10    Blocking assignment 'count = 0;' used inside a 'FlipFlop' inferred sequential block
[1E]     W336                                     Error       ./core.v                                                                       200     10    Blocking assignment 'pc_overflow = 0;' used inside a 'FlipFlop' inferred sequential block
[1F]     W336                                     Error       ./core.v                                                                       205     10    Blocking assignment 'count = (((next_state==FETCH)||(next_state==IDLE)) ? (count + 1) : count);' used inside a 'FlipFlop' inferred sequential block
[29]     W415                                     Error       ./core.v                                                                       86      10    Signal 'core.pc_overflow' has multiple simultaneous drivers
[2A]     W415                                     Error       ./core.v                                                                       130     10    Signal 'core.next_state[3]' has multiple simultaneous drivers
[2B]     W415                                     Error       ./core.v                                                                       173     10    Signal 'core.next_state[2:0]' has multiple simultaneous drivers
[1D]     NoAssignX-ML                             Warning     ./alu.v                                                                        84      5     RHS of the assignment contains 'X'
[28]     STARC05-1.3.1.3    AsyncResetOtherUse    Warning     ./alu.v                                                                        367     10    Asynchronous reset signal 'core.i_rst_n' (flop: 'core.alu1.curr_state[0]') used as non-reset/synchronous-reset at instance 'core.alu1.w_cond_reg.EN' (File Name: './alu.v' ,Line no.: '367')
[4]      STARC05-2.1.5.3    NoVectorOnCondExpr    Warning     ./core.v                                                                       223     2     Conditional expression (next_status_valid) does not evaluate to a scalar [Hierarchy: ':core']
[5]      W224                                     Warning     ./core.v                                                                       223     5     Multi-bit expression 'next_status_valid' found when one-bit expression expected[Hierarchy: ':core']
[17]     W263                                     Warning     ./alu.v                                                                        356     5     Case label (B0) width (1) does not match selector (curr_state) width (2).[Hierarchy: ':core:alu1@alu']
[18]     W263                                     Warning     ./alu.v                                                                        357     5     Case label (B1) width (1) does not match selector (curr_state) width (2).[Hierarchy: ':core:alu1@alu']
[6]      W263                                     Warning     ./core.v                                                                       130     5     Case label (IDLE) width (1) does not match selector (state) width (4).[Hierarchy: ':core']
[7]      W263                                     Warning     ./core.v                                                                       131     5     Case label (FETCH) width (1) does not match selector (state) width (4).[Hierarchy: ':core']
[8]      W263                                     Warning     ./core.v                                                                       132     5     Case label (DECODE) width (2) does not match selector (state) width (4).[Hierarchy: ':core']
[9]      W263                                     Warning     ./core.v                                                                       142     5     Case label (EXECUTION) width (2) does not match selector (state) width (4).[Hierarchy: ':core']
[A]      W263                                     Warning     ./core.v                                                                       153     5     Case label (PC_GENERATION) width (3) does not match selector (state) width (4).[Hierarchy: ':core']
[B]      W263                                     Warning     ./core.v                                                                       157     5     Case label (MEMORY_ACCESS) width (3) does not match selector (state) width (4).[Hierarchy: ':core']
[C]      W263                                     Warning     ./core.v                                                                       165     5     Case label (WRITEBACK) width (3) does not match selector (state) width (4).[Hierarchy: ':core']
[D]      W263                                     Warning     ./core.v                                                                       169     5     Case label (END) width (3) does not match selector (state) width (4).[Hierarchy: ':core']
[2]      W287b                                    Warning     ./core.v                                                                       210     5     Instance output port 'o_valid' is not connected
[3]      W287b                                    Warning     ./core.v                                                                       210     5     Instance output port 'o_busy' is not connected
[E]      W415a                                    Warning     ./core.v                                                                       147     5     Signal next_state is being assigned multiple times ( previous assignment at line 144 ) in same always block [Hierarchy: ':core']
[F]      W415a                                    Warning     ./core.v                                                                       151     5     Signal next_state is being assigned multiple times ( previous assignment at line 144 ) in same always block [Hierarchy: ':core']
[19]     W528                                     Warning     ./alu.v                                                                        176     10    Variable 'flag' set but not read.[Hierarchy: ':core:alu1@alu']
[1A]     W528                                     Warning     ./alu.v                                                                        233     10    Variable 'flag' set but not read.[Hierarchy: ':core:alu1@alu']
[1B]     W528                                     Warning     ./alu.v                                                                        241     10    Variable 's' set but not read.[Hierarchy: ':core:alu1@alu']
[1C]     W528                                     Warning     ./alu.v                                                                        346     10    Variable 'direct_mult[63:0]' set but not read.[Hierarchy: ':core:alu1@alu']
[10]     W528                                     Warning     ./core.v                                                                       154     10    Variable 'PCsrc' set but not read.[Hierarchy: ':core']
[11]     W528                                     Warning     ./core.v                                                                       225     10    Variable 'Reg2Loc' set but not read.[Hierarchy: ':core']
[15]     W528                                     Warning     ./core.v                                                                       236     10    Variable 'WriteData[31:0]' set but not read.[Hierarchy: ':core']
[14]     W528                                     Warning     ./core.v                                                                       237     10    Variable 'WriteReg[4:0]' set but not read.[Hierarchy: ':core']
[13]     W528                                     Warning     ./core.v                                                                       244     10    Variable 'opcode[5:0]' set but not read.[Hierarchy: ':core']
[2C]     W415                                     Info        ./spyglass-1/core/lint/lint_rtl/spyglass_reports/lint/W415_Report.rpt          0       10    Please refer 'W415_Report.rpt' for driver details
[12]     W528                                     Info        ./spyglass-1/core/lint/lint_rtl/spyglass_reports/lint/SignalUsageReport.rpt    0       10    Please refer to 'SignalUsageReport.rpt' for details of violating bits
+++++++++++++++++++++++++++++++++++++++++++++++++++++++++++++++++++++++++++++++++++++++
