
################################################################################
#
# This file has been generated by SpyGlass:
#     Report Name      : no_msg_reporting_rules
#     Report Created by: MingKe
#     Report Created on:  Fri Jun 28 12:37:30 2024
#     Working Directory: /home/MingKe/Study/NTU_CVSD2023/HW2/01_RTL
#     SpyGlass Version : SpyGlass_vS-2021.09
#     Policy Name      : SpyGlass(SpyGlass_vS-2021.09)
#                        clock-reset(SpyGlass_vS-2021.09)
#                        erc(SpyGlass_vS-2021.09)
#                        latch(SpyGlass_vS-2021.09)
#                        lint(SpyGlass_vS-2021.09)
#                        morelint(SpyGlass_vS-2021.09)
#                        openmore(SpyGlass_vS-2021.09)
#                        power_est(SpyGlass_vS-2021.09)
#                        simulation(SpyGlass_vS-2021.09)
#                        starc(SpyGlass_vS-2021.09)
#                        starc2005(SpyGlass_vS-2021.09)
#                        txv(SpyGlass_vS-2021.09)
#
#     Total Number of Generated Messages :         38
#     Number of Waived Messages          :          0
#     Number of Reported Messages        :         38
#     Number of Overlimit Messages       :          0
#
#
################################################################################

NO VIOLATION RULE REPORT :
++++++++++++++++++++++++++++++++++++++++++++++++++++++++++++++++++++++++++++++++

Following rules did not produce any violation or waived off during spyglass run

++++++++++++++++++++++++++++++++++++++++++++++++++++++++++++++++++++++++++++++++


================================================================================
	INDEX                                   RULE-NAME
================================================================================
	1                                  BlockHeader
	2                                  BufClock
	3                                  CheckDelayTimescale-ML
	4                                  CombLoop
	5                                  FlopClockConstant
	6                                  FlopEConst
	7                                  LatchFeedback
	8                                  NoXInCase-ML
	9                                  ParamWidthMismatch-ML
	10                                 STARC05-1.2.1.2
	11                                 STARC05-2.1.3.1
	12                                 STARC05-2.1.4.5
	13                                 STARC05-2.1.6.5
	14                                 STARC05-2.10.1.4a
	15                                 STARC05-2.10.1.4b
	16                                 STARC05-2.10.2.3
	17                                 STARC05-2.10.3.2a
	18                                 STARC05-2.11.3.1
	19                                 STARC05-2.2.3.3
	20                                 STARC05-2.3.1.2c
	21                                 STARC05-2.3.1.5b
	22                                 STARC05-2.3.1.6
	23                                 STARC05-2.3.3.1
	24                                 STARC05-2.3.4.1v
	25                                 STARC05-2.4.1.5
	26                                 STARC05-2.5.1.2
	27                                 STARC05-2.5.1.7
	28                                 STARC05-2.5.1.9
	29                                 UndrivenInTerm-ML
	30                                 W110
	31                                 W110a
	32                                 W116
	33                                 W122
	34                                 W123
	35                                 W156
	36                                 W19
	37                                 W215
	38                                 W216
	39                                 W218
	40                                 W240
	41                                 W287a
	42                                 W289
	43                                 W292
	44                                 W293
	45                                 W317
	46                                 W337
	47                                 W339a
	48                                 W352
	49                                 W362
	50                                 W392
	51                                 W398
	52                                 W414
	53                                 W416
	54                                 W421
	55                                 W422
	56                                 W424
	57                                 W426
	58                                 W442a
	59                                 W442b
	60                                 W442c
	61                                 W442f
	62                                 W450L
	63                                 W467
	64                                 W480
	65                                 W481a
	66                                 W481b
	67                                 W486
	68                                 W496a
	69                                 W496b
	70                                 W499
	71                                 W502
	72                                 W505
	73                                 W66
	74                                 W71
	75                                 badimplicitSM1
	76                                 badimplicitSM2
	77                                 badimplicitSM4
	78                                 bothedges
	79                                 mixedsenselist
	80                                 sim_race02
================================================================================
