
################################################################################
#
# This file has been generated by SpyGlass:
#     Report Name      : W415_Report
#     Report Created by: MingKe
#     Report Created on:  Fri Jun 28 12:37:30 2024
#     Working Directory: /home/MingKe/Study/NTU_CVSD2023/HW2/01_RTL
#     SpyGlass Version : SpyGlass_vS-2021.09
#     Policy Name      : lint(SpyGlass_vS-2021.09)
#     Comment          : W415_Report Detail Message Report
#
################################################################################
W415 Report : Multiple Drivers Detail Report


=========================W415 Multiple Drivers Detail Report======================================

SNO     FILE                      LINE            Message                                           

==================================================================================================
41      ./core.v                  86             Signal 'core.pc_overflow' has multiple simultaneous drivers
                                                 Drivers:
                                                 core.pc_overflow_reg_1.Q (File: ./core.v Line: 200)
                                                 core.pc_overflow_reg.Q (File: ./core.v Line: 86)

42      ./core.v                  130            Signal 'core.next_state[3]' has multiple simultaneous drivers
                                                 Drivers:
                                                 core.\next_state_reg[3] .Q (File: ./core.v Line: 198)
                                                 core.rtlc_I434.Z (File: ./core.v Line: 130)

43      ./core.v                  173            Signal 'core.next_state[2:0]' has multiple simultaneous drivers
                                                 Drivers:
                                                 core.\next_state_reg[0] .Q (File: ./core.v Line: 198)
                                                 core.rtlc_I314.Z (File: ./core.v Line: 173)

