################################################################################
#
# This file has been generated by SpyGlass:
#     Report Created by: MingKe
#     Report Created on: Mon Jul  8 17:41:20 2024
#     Working Directory: /home/MingKe/Study/NTU_CVSD2023/HW1/01_RTL
#     Report Location  : ./spyglass-1/alu/lint/lint_rtl/spyglass_reports/SpyGlass/elab_summary.rpt
#     SpyGlass Version : SpyGlass_vS-2021.09
#     Policy Name      : SpyGlass(SpyGlass_vS-2021.09)
#     Comment          : This report contains RTL and Elaborated names along with parameter values
#
################################################################################

================================================================================
Elaborated Name: 'alu'
    (RTL Design Unit name: 'alu', ./alu.v:1)
     Parameters (Total: 18)
         INT_W  = 6 (default: 6)
         FRAC_W = 10 (default: 10)
         INST_W = 4 (default: 4)
         DATA_W = 16 (default: (INT_W + FRAC_W))
         B0     = 0 (default: 2'd0)
         B1     = 1 (default: 2'd1)
         B2     = 2 (default: 2'd2)
         B3     = 3 (default: 2'd3)
         FXADD  = 0 (default: 4'b0000)
         FXSUB  = 1 (default: 4'b0001)
         FXMUL  = 2 (default: 4'b0010)
         FXMAC  = 3 (default: 4'b0011)
         GELU   = 4 (default: 4'b0100)
         CLZ    = 5 (default: 4'b0101)
         LRCW   = 6 (default: 4'b0110)
         LFSR   = 7 (default: 4'b0111)
         FPADD  = 8 (default: 4'b1000)
         FPSUB  = 9 (default: 4'b1001)
================================================================================
